2022-12-17 00:28:11 URL:https://dl.google.com/linux/direct/google-chrome-stable_current_amd64.deb [92980892/92980892] -> "/home/jokerwrld/Downloads/google-chrome-stable_current_amd64.deb" [1]
[1;31mError:[0m [1;38;5;202mcode[0m not found
Cloning into '/home/jokerwrld/Downloads/kwin-forceblur'...
fatal: unable to access 'https://github.com/esjeon/kwin-forceblur.git/': Could not resolve host: github.com
./install-debian.sh: line 86: cd: /home/jokerwrld/Downloads/kwin-forceblur/: No such file or directory
sudo: ./pack.sh: command not found
./install-debian.sh: line 88: ./install.sh: No such file or directory
Cloning into '/home/jokerwrld/Downloads/kwinscript-window-colors'...
fatal: unable to access 'https://github.com/psifidotos/kwinscript-window-colors.git/': Could not resolve host: github.com
./install-debian.sh: line 92: cd: /home/jokerwrld/Downloads/kwinscript-window-colors: No such file or directory
kf.package: Couldn't open metadata file "/home/jokerwrld/linux-config" "/home/jokerwrld/linux-config/"
Error: Installation of /home/jokerwrld/linux-config failed: Could not open metadata file: /home/jokerwrld/linux-config
Failed to disable unit: Connection timed out
Synchronizing state of sddm.service with SysV service script with /lib/systemd/systemd-sysv-install.
Executing: /lib/systemd/systemd-sysv-install enable sddm
Failed to reload daemon: Method call timed out
Failed to reload daemon: Method call timed out
mkdir: cannot create directory ‘/etc/sddm.conf.d’: Permission denied
Cloning into '/home/jokerwrld/Downloads/Swish'...
cp: cannot create regular file '/etc/sddm.conf.d/': Not a directory
Cloning into '/home/jokerwrld/Downloads/plasma-systray-latte-tweaks'...
Cloning into '/home/jokerwrld/Downloads/Orchis-kde'...
cp: cannot create directory '/home/jokerwrld/.local/share/wallpapers/Orchis': Permission denied
Cloning into '/home/jokerwrld/Downloads/Orchis-theme'...
Cloning into '/home/jokerwrld/Downloads/Sevi'...
gtk-update-icon-cache: Cache file created successfully.
gtk-update-icon-cache: Cache file created successfully.
Warning: Ignoring XDG_SESSION_TYPE=wayland on Gnome. Use QT_QPA_PLATFORM=wayland to run on Wayland anyway.
Cloning into '/home/jokerwrld/Downloads/PlasmaConfSaver'...
Cloning into '/home/jokerwrld/Downloads/applet-latte-spacer'...
Cloning into '/home/jokerwrld/Downloads/applet-latte-separator'...
Cloning into '/home/jokerwrld/Downloads/dittoMenuKDE'...
Cloning into '/home/jokerwrld/Downloads/shutdown_or_switch'...
kf.coreaddons: error parsing "/home/jokerwrld/Downloads/shutdown_or_switch/plasmoid//metadata.json" "unterminated object"
kf.coreaddons: error parsing "/home/jokerwrld/Downloads/shutdown_or_switch/plasmoid/metadata.json" "unterminated object"
kf.coreaddons: error parsing "/home/jokerwrld/Downloads/shutdown_or_switch/plasmoid//metadata.json" "unterminated object"
kf.coreaddons: error parsing "/home/jokerwrld/Downloads/shutdown_or_switch/plasmoid/metadata.json" "unterminated object"
kf.coreaddons: error parsing "/home/jokerwrld/.local/share/kpackage/generic/org.kde.shutdownOrSwitch/metadata.json" "unterminated object"
Cloning into '/home/jokerwrld/Downloads/virtual-desktop-bar'...
CMake Warning (dev) at /usr/share/ECM/modules/ECMFindModuleHelpers.cmake:113 (message):
  Your project should require at least CMake 3.16.0 to use FindKF5.cmake
Call Stack (most recent call first):
  /usr/share/ECM/find-modules/FindKF5.cmake:30 (ecm_find_package_version_check)
  CMakeLists.txt:49 (find_package)
This warning is for project developers.  Use -Wno-dev to suppress it.

/home/jokerwrld/Downloads/virtual-desktop-bar/plugin/VirtualDesktopBar.cpp: In constructor ‘VirtualDesktopBar::VirtualDesktopBar(QObject*)’:
/home/jokerwrld/Downloads/virtual-desktop-bar/plugin/VirtualDesktopBar.cpp:14:9: warning: ‘constexpr QFlags<T>::QFlags(Zero) [with Enum = NET::Property; Zero = int QFlags<NET::Property>::Private::*]’ is deprecated: Use default constructor instead [-Wdeprecated-declarations]
   14 |         netRootInfo(QX11Info::connection(), 0),
      |         ^~~~~~~~~~~~~~~~~~~~~~~~~~~~~~~~~~~~~~
In file included from /usr/include/x86_64-linux-gnu/qt5/QtCore/qglobal.h:1299,
                 from /usr/include/x86_64-linux-gnu/qt5/QtGui/qtguiglobal.h:43,
                 from /usr/include/x86_64-linux-gnu/qt5/QtWidgets/qtwidgetsglobal.h:43,
                 from /usr/include/x86_64-linux-gnu/qt5/QtWidgets/qaction.h:43,
                 from /usr/include/x86_64-linux-gnu/qt5/QtWidgets/QAction:1,
                 from /home/jokerwrld/Downloads/virtual-desktop-bar/plugin/VirtualDesktopBar.hpp:3,
                 from /home/jokerwrld/Downloads/virtual-desktop-bar/plugin/VirtualDesktopBar.cpp:1:
/usr/include/x86_64-linux-gnu/qt5/QtCore/qflags.h:123:80: note: declared here
  123 |     QT_DEPRECATED_X("Use default constructor instead") Q_DECL_CONSTEXPR inline QFlags(Zero) noexcept : i(0) {}
      |                                                                                ^~~~~~
/home/jokerwrld/Downloads/virtual-desktop-bar/plugin/VirtualDesktopBar.cpp: In lambda function:
/home/jokerwrld/Downloads/virtual-desktop-bar/plugin/VirtualDesktopBar.cpp:42:19: warning: ignoring return value of ‘int system(const char*)’ declared with attribute ‘warn_unused_result’ [-Wunused-result]
   42 |             system(command.toStdString().c_str());
      |             ~~~~~~^~~~~~~~~~~~~~~~~~~~~~~~~~~~~~~
Cloning into '/home/jokerwrld/.zsh/zsh-autosuggestions'...
Cloning into '/home/jokerwrld/.zsh/zsh-syntax-highlighting'...
Cloning into '/home/jokerwrld/.zsh//powerlevel10k'...
./install-debian.sh: line 218: python: command not found
Password: 